2023-03-25 23:33:23.585 [main] INFO  calculator.Calculator - [factorial] - 5.0
2023-03-25 23:33:23.592 [main] INFO  calculator.Calculator - [RESULT - Square ROOT] - 120.0
2023-03-25 23:33:23.592 [main] INFO  calculator.Calculator - [factorial] - 2.0
2023-03-25 23:33:23.593 [main] INFO  calculator.Calculator - [RESULT - Square ROOT] - 2.0
2023-03-25 23:33:23.595 [main] INFO  calculator.Calculator - [SquareROOT] - 4.0
2023-03-25 23:33:23.596 [main] INFO  calculator.Calculator - [RESULT - Square ROOT] - 2.0
2023-03-25 23:33:23.596 [main] INFO  calculator.Calculator - [SquareROOT] - 1.0
2023-03-25 23:33:23.597 [main] INFO  calculator.Calculator - [RESULT - Square ROOT] - 1.0
2023-03-25 23:33:23.597 [main] INFO  calculator.Calculator - [SquareROOT] - 4.0
2023-03-25 23:33:23.598 [main] INFO  calculator.Calculator - [RESULT - Square ROOT] - 2.0
2023-03-25 23:33:23.598 [main] INFO  calculator.Calculator - [SquareROOT] - 5.0
2023-03-25 23:33:23.598 [main] INFO  calculator.Calculator - [RESULT - Square ROOT] - 2.23606797749979
2023-03-25 23:33:23.600 [main] INFO  calculator.Calculator - [lnx] - 1.0
2023-03-25 23:33:23.601 [main] INFO  calculator.Calculator - [RESULT - lnx] - 0.0
2023-03-25 23:33:23.601 [main] INFO  calculator.Calculator - [lnx] - 1.0
2023-03-25 23:33:23.602 [main] INFO  calculator.Calculator - [RESULT - lnx] - 0.0
2023-03-25 23:33:23.603 [main] INFO  calculator.Calculator - [lnx] - 5.0
2023-03-25 23:33:23.604 [main] INFO  calculator.Calculator - [RESULT - lnx] - 1.6094379124341003
2023-03-25 23:33:23.605 [main] INFO  calculator.Calculator - [lnx] - 3.0
2023-03-25 23:33:23.606 [main] INFO  calculator.Calculator - [RESULT - lnx] - 1.0986122886681098
2023-03-25 23:33:23.607 [main] INFO  calculator.Calculator - [factorial] - 3.0
2023-03-25 23:33:23.607 [main] INFO  calculator.Calculator - [RESULT - Square ROOT] - 6.0
2023-03-25 23:33:23.608 [main] INFO  calculator.Calculator - [factorial] - 2.0
2023-03-25 23:33:23.608 [main] INFO  calculator.Calculator - [RESULT - Square ROOT] - 2.0
2023-03-25 23:33:23.625 [main] INFO  calculator.Calculator - [Result - 2.0 to the power 6.0
2023-03-25 23:33:23.626 [main] INFO  calculator.Calculator - [power] - 64.0
2023-03-25 23:33:23.627 [main] INFO  calculator.Calculator - [Result - 3.0 to the power 4.0
2023-03-25 23:33:23.627 [main] INFO  calculator.Calculator - [power] - 81.0
2023-03-25 23:33:23.629 [main] INFO  calculator.Calculator - [Result - 2.0 to the power 3.0
2023-03-25 23:33:23.629 [main] INFO  calculator.Calculator - [power] - 8.0
2023-03-25 23:33:23.629 [main] INFO  calculator.Calculator - [Result - 2.0 to the power 4.0
2023-03-25 23:33:23.630 [main] INFO  calculator.Calculator - [power] - 16.0
